time="2026-07-04T19:31:10Z" level=warning msg="/app/docker-compose.yml: the attribute `version` is obsolete, it will be ignored, please remove it to avoid potential confusion"
 Image mongo:latest Pulling
 ca2678b20700 Pulling fs layer 0B
 3647363b6a04 Pulling fs layer 0B
 690606b575e4 Pulling fs layer 0B
 664e5a5a5402 Pulling fs layer 0B
 31e270117e3b Pulling fs layer 0B
 d60daeb7b51e Pulling fs layer 0B
 e2a132d8e302 Pulling fs layer 0B
 a81e773c224c Pulling fs layer 0B
 a81e773c224c Download complete 0B
 690606b575e4 Download complete 0B
 e2a132d8e302 Download complete 0B
 664e5a5a5402 Download complete 0B
 d60daeb7b51e Download complete 0B
 31e270117e3b Downloading 2.097MB
 ca2678b20700 Downloading 3.146MB
 3647363b6a04 Download complete 0B
 ead80752d94a Download complete 0B
 31e270117e3b Downloading 4.428MB
 ca2678b20700 Downloading 4.194MB
 669abace3f59 Downloading 2.644MB
 31e270117e3b Downloading 9.294MB
 ca2678b20700 Downloading 7.582MB
 669abace3f59 Download complete 0B
 31e270117e3b Downloading 14.68MB
 ca2678b20700 Downloading 11.77MB
 ca2678b20700 Downloading 17.75MB
 31e270117e3b Downloading 19.92MB
 31e270117e3b Downloading 25.17MB
 ca2678b20700 Downloading 23.07MB
 ca2678b20700 Downloading 28.37MB
 31e270117e3b Downloading 31.26MB
 31e270117e3b Downloading 38.8MB
 ca2678b20700 Downloading 29.74MB
 31e270117e3b Downloading 45.09MB
 ca2678b20700 Download complete 0B
 ca2678b20700 Extracting 1B
 31e270117e3b Downloading 51.38MB
 ca2678b20700 Extracting 1B
 31e270117e3b Downloading 58.34MB
 ca2678b20700 Extracting 1B
 31e270117e3b Downloading 63.96MB
 ca2678b20700 Extracting 1B
 31e270117e3b Downloading 69.57MB
 ca2678b20700 Extracting 1B
 31e270117e3b Downloading 74.95MB
 ca2678b20700 Extracting 1B
 31e270117e3b Downloading 80.74MB
 ca2678b20700 Extracting 1B
 31e270117e3b Downloading 85.98MB
 ca2678b20700 Extracting 1B
 31e270117e3b Downloading 96.47MB
 ca2678b20700 Extracting 1B
 31e270117e3b Downloading 104.6MB
 ca2678b20700 Extracting 1B
 31e270117e3b Downloading 115.3MB
 ca2678b20700 Extracting 2B
 31e270117e3b Downloading 124.8MB
 ca2678b20700 Extracting 2B
 31e270117e3b Downloading 134.2MB
 ca2678b20700 Extracting 2B
 31e270117e3b Downloading 142.2MB
 ca2678b20700 Extracting 2B
 31e270117e3b Downloading 146.8MB
 ca2678b20700 Extracting 2B
 31e270117e3b Downloading 155.2MB
 ca2678b20700 Extracting 2B
 31e270117e3b Downloading 160.6MB
 ca2678b20700 Extracting 2B
 31e270117e3b Downloading 165.7MB
 ca2678b20700 Extracting 2B
 31e270117e3b Downloading 170.9MB
 ca2678b20700 Extracting 2B
 31e270117e3b Downloading 175.1MB
 ca2678b20700 Extracting 2B
 31e270117e3b Downloading 181.4MB
 ca2678b20700 Extracting 3B
 31e270117e3b Downloading 186.4MB
 ca2678b20700 Extracting 3B
 31e270117e3b Downloading 192.1MB
 ca2678b20700 Extracting 3B
 31e270117e3b Downloading 197.1MB
 ca2678b20700 Extracting 3B
 31e270117e3b Downloading 202.9MB
 e2a132d8e302 Pull complete 0B
 d60daeb7b51e Extracting 1B
 ca2678b20700 Pull complete 0B
 31e270117e3b Downloading 207.9MB
 d60daeb7b51e Extracting 1B
 31e270117e3b Downloading 213.9MB
 d60daeb7b51e Pull complete 0B
 3647363b6a04 Extracting 1B
 31e270117e3b Downloading 219.2MB
 690606b575e4 Pull complete 0B
 664e5a5a5402 Pull complete 0B
 3647363b6a04 Pull complete 0B
 31e270117e3b Downloading 224.4MB
 31e270117e3b Downloading 230.7MB
 31e270117e3b Downloading 237MB
 31e270117e3b Downloading 243.3MB
 31e270117e3b Downloading 252.7MB
 31e270117e3b Downloading 257.9MB
 31e270117e3b Downloading 264.2MB
 31e270117e3b Downloading 271.3MB
 31e270117e3b Downloading 276.8MB
 31e270117e3b Downloading 282.1MB
 31e270117e3b Downloading 290.5MB
 31e270117e3b Downloading 297.2MB
 31e270117e3b Downloading 303.6MB
 31e270117e3b Downloading 304.4MB
 31e270117e3b Downloading 304.4MB
 31e270117e3b Downloading 304.4MB
 31e270117e3b Downloading 304.4MB
 31e270117e3b Downloading 304.4MB
 31e270117e3b Downloading 304.4MB
 31e270117e3b Downloading 304.4MB
 31e270117e3b Download complete 0B
 31e270117e3b Extracting 1B
 31e270117e3b Extracting 1B
 31e270117e3b Extracting 1B
 31e270117e3b Extracting 1B
 31e270117e3b Extracting 1B
 31e270117e3b Extracting 1B
 31e270117e3b Extracting 1B
 31e270117e3b Extracting 1B
 31e270117e3b Extracting 1B
 31e270117e3b Extracting 1B
 31e270117e3b Extracting 1B
 31e270117e3b Extracting 2B
 31e270117e3b Extracting 2B
 31e270117e3b Extracting 2B
 31e270117e3b Extracting 2B
 31e270117e3b Extracting 2B
 31e270117e3b Extracting 2B
 31e270117e3b Extracting 2B
 31e270117e3b Extracting 2B
 31e270117e3b Extracting 2B
 31e270117e3b Extracting 2B
 31e270117e3b Extracting 3B
 31e270117e3b Extracting 3B
 31e270117e3b Extracting 3B
 31e270117e3b Extracting 3B
 31e270117e3b Extracting 3B
 31e270117e3b Extracting 3B
 31e270117e3b Extracting 3B
 31e270117e3b Extracting 3B
 31e270117e3b Extracting 3B
 31e270117e3b Extracting 3B
 31e270117e3b Extracting 4B
 31e270117e3b Extracting 4B
 31e270117e3b Extracting 4B
 31e270117e3b Extracting 4B
 31e270117e3b Extracting 4B
 31e270117e3b Extracting 4B
 31e270117e3b Extracting 4B
 31e270117e3b Extracting 4B
 31e270117e3b Extracting 4B
 31e270117e3b Extracting 4B
 31e270117e3b Extracting 5B
 31e270117e3b Extracting 5B
 31e270117e3b Extracting 5B
 31e270117e3b Extracting 5B
 31e270117e3b Extracting 5B
 31e270117e3b Extracting 5B
 31e270117e3b Extracting 5B
 31e270117e3b Extracting 5B
 31e270117e3b Extracting 5B
 31e270117e3b Extracting 5B
 31e270117e3b Extracting 6B
 31e270117e3b Extracting 6B
 31e270117e3b Extracting 6B
 31e270117e3b Extracting 6B
 31e270117e3b Extracting 6B
 31e270117e3b Extracting 6B
 31e270117e3b Extracting 6B
 31e270117e3b Extracting 6B
 31e270117e3b Extracting 6B
 31e270117e3b Extracting 6B
 31e270117e3b Extracting 7B
 31e270117e3b Extracting 7B
 31e270117e3b Extracting 7B
 31e270117e3b Extracting 7B
 31e270117e3b Extracting 7B
 31e270117e3b Extracting 7B
 31e270117e3b Extracting 7B
 31e270117e3b Extracting 7B
 31e270117e3b Extracting 7B
 31e270117e3b Extracting 7B
 31e270117e3b Extracting 8B
 31e270117e3b Extracting 8B
 31e270117e3b Extracting 8B
 31e270117e3b Extracting 8B
 31e270117e3b Extracting 8B
 31e270117e3b Extracting 8B
 31e270117e3b Extracting 8B
 31e270117e3b Extracting 8B
 31e270117e3b Extracting 8B
 31e270117e3b Extracting 9B
 31e270117e3b Extracting 9B
 31e270117e3b Extracting 9B
 31e270117e3b Extracting 9B
 31e270117e3b Extracting 9B
 31e270117e3b Extracting 9B
 31e270117e3b Extracting 9B
 31e270117e3b Extracting 9B
 31e270117e3b Extracting 9B
 31e270117e3b Extracting 9B
 31e270117e3b Extracting 9B
 31e270117e3b Extracting 10B
 31e270117e3b Extracting 10B
 31e270117e3b Extracting 10B
 31e270117e3b Extracting 10B
 31e270117e3b Extracting 10B
 31e270117e3b Extracting 10B
 31e270117e3b Extracting 10B
 31e270117e3b Extracting 10B
 31e270117e3b Extracting 10B
 31e270117e3b Extracting 10B
 31e270117e3b Extracting 11B
 31e270117e3b Extracting 11B
 31e270117e3b Extracting 11B
 31e270117e3b Extracting 11B
 31e270117e3b Extracting 11B
 31e270117e3b Extracting 11B
 31e270117e3b Extracting 11B
 31e270117e3b Extracting 11B
 31e270117e3b Extracting 11B
 31e270117e3b Extracting 11B
 31e270117e3b Extracting 12B
 31e270117e3b Extracting 12B
 31e270117e3b Extracting 12B
 31e270117e3b Extracting 12B
 31e270117e3b Extracting 12B
 31e270117e3b Extracting 12B
 31e270117e3b Extracting 12B
 31e270117e3b Extracting 12B
 31e270117e3b Extracting 12B
 31e270117e3b Extracting 12B
 31e270117e3b Extracting 13B
 31e270117e3b Extracting 13B
 31e270117e3b Extracting 13B
 31e270117e3b Extracting 13B
 31e270117e3b Extracting 13B
 31e270117e3b Extracting 13B
 31e270117e3b Extracting 13B
 31e270117e3b Extracting 13B
 31e270117e3b Extracting 13B
 31e270117e3b Extracting 13B
 31e270117e3b Extracting 14B
 31e270117e3b Extracting 14B
 31e270117e3b Extracting 14B
 31e270117e3b Extracting 14B
 31e270117e3b Extracting 14B
 31e270117e3b Extracting 14B
 31e270117e3b Extracting 14B
 31e270117e3b Extracting 14B
 31e270117e3b Extracting 14B
 31e270117e3b Extracting 14B
 31e270117e3b Extracting 15B
 31e270117e3b Extracting 15B
 31e270117e3b Extracting 15B
 31e270117e3b Extracting 15B
 31e270117e3b Extracting 15B
 31e270117e3b Extracting 15B
 31e270117e3b Extracting 15B
 31e270117e3b Extracting 15B
 31e270117e3b Extracting 15B
 31e270117e3b Extracting 15B
 31e270117e3b Extracting 16B
 31e270117e3b Extracting 16B
 31e270117e3b Extracting 16B
 31e270117e3b Extracting 16B
 31e270117e3b Extracting 16B
 31e270117e3b Extracting 16B
 31e270117e3b Extracting 16B
 31e270117e3b Extracting 16B
failed to extract layer (application/vnd.oci.image.layer.v1.tar+gzip sha256:31e270117e3bce4fad159c9f74a17515906077eb89bb6fed5a961dd346f9d416) to overlayfs as "extract-598256015-DhHz sha256:f3b67b164481a13d5d6d9d2bd272b50826d23d4512a5eab61d5fe8ce5fa0a202": failed to convert whiteout file "var/lib/apt/lists/.wh.auxfiles": operation not permitted
